<?xml version="1.0" encoding="UTF-8"?>
<testng-results skipped="0" failed="0" total="3" passed="3">
  <reporter-output>
  </reporter-output>
  <suite name="Default suite" duration-ms="9503" started-at="2017-08-09T19:59:48Z" finished-at="2017-08-09T19:59:57Z">
    <groups>
    </groups>
    <test name="Default test" duration-ms="9503" started-at="2017-08-09T19:59:48Z" finished-at="2017-08-09T19:59:57Z">
      <class name="praticeTest.ieDriver_exercise3.testIEOpen">
        <test-method status="PASS" signature="chromesetUp()[pri:0, instance:praticeTest.ieDriver_exercise3.testIEOpen@4cc0edeb]" name="chromesetUp" is-config="true" duration-ms="3285" started-at="2017-08-09T15:59:48Z" finished-at="2017-08-09T15:59:51Z">
          <reporter-output>
          </reporter-output>
        </test-method> <!-- chromesetUp -->
        <test-method status="PASS" signature="navigate_to_gamestop()[pri:0, instance:praticeTest.ieDriver_exercise3.testIEOpen@4cc0edeb]" name="navigate_to_gamestop" duration-ms="2722" started-at="2017-08-09T15:59:51Z" finished-at="2017-08-09T15:59:54Z">
          <reporter-output>
          </reporter-output>
        </test-method> <!-- navigate_to_gamestop -->
        <test-method status="PASS" signature="dataTable()[pri:0, instance:praticeTest.ieDriver_exercise3.testIEOpen@4cc0edeb]" name="dataTable" duration-ms="2603" started-at="2017-08-09T15:59:54Z" finished-at="2017-08-09T15:59:57Z">
          <reporter-output>
          </reporter-output>
        </test-method> <!-- dataTable -->
        <test-method status="PASS" signature="asserts()[pri:0, instance:praticeTest.ieDriver_exercise3.testIEOpen@4cc0edeb]" name="asserts" duration-ms="882" started-at="2017-08-09T15:59:57Z" finished-at="2017-08-09T15:59:57Z">
          <reporter-output>
          </reporter-output>
        </test-method> <!-- asserts -->
      </class> <!-- praticeTest.ieDriver_exercise3.testIEOpen -->
    </test> <!-- Default test -->
  </suite> <!-- Default suite -->
</testng-results>
