<?xml version="1.0" encoding="UTF-8"?>
<!-- Generated by org.testng.reporters.JUnitXMLReporter -->
<testsuite hostname="GSOD-BLD" name="Default test" tests="3" failures="0" timestamp="9 Aug 2017 19:59:57 GMT" time="9.503" errors="0">
  <testcase name="navigate_to_gamestop" time="2.722" classname="praticeTest.ieDriver_exercise3.testIEOpen"/>
  <testcase name="dataTable" time="2.603" classname="praticeTest.ieDriver_exercise3.testIEOpen"/>
  <testcase name="asserts" time="0.882" classname="praticeTest.ieDriver_exercise3.testIEOpen"/>
</testsuite> <!-- Default test -->
