<?xml version="1.0" encoding="UTF-8"?>
<!-- Generated by org.testng.reporters.JUnitXMLReporter -->
<testsuite hostname="GSOD-BLD" name="praticeTest.ieDriver_exercise3" tests="4" failures="0" timestamp="17 Aug 2017 14:11:32 GMT" time="15.347" errors="0">
  <testcase name="navigate_to_gamestop" time="3.22" classname="praticeTest.ieDriver_exercise3.testIEOpen"/>
  <testcase name="dataTable" time="1.841" classname="praticeTest.ieDriver_exercise3.testIEOpen"/>
  <testcase name="asserts" time="0.816" classname="praticeTest.ieDriver_exercise3.testIEOpen"/>
  <testcase name="logout" time="0.231" classname="praticeTest.ieDriver_exercise3.testIEOpen"/>
</testsuite> <!-- praticeTest.ieDriver_exercise3 -->
